2021-12-06T09:56:15.325Z - normal: Load ~/.CocosCreator/settings.json
2021-12-06T09:56:15.363Z - normal: Initializing Asset Database
2021-12-06T09:56:15.365Z - normal: checking language setting...
2021-12-06T09:56:15.365Z - normal: Language: en
2021-12-06T09:56:15.790Z - success: preview server running at http://localhost:7456
2021-12-06T09:56:15.802Z - success: protocol editor-framework registered
2021-12-06T09:56:15.802Z - success: protocol app registered
2021-12-06T09:56:15.803Z - success: protocol theme registered
2021-12-06T09:56:15.803Z - success: protocol packages registered
2021-12-06T09:56:15.803Z - success: protocol uuid registerred
2021-12-06T09:56:15.803Z - success: protocol db registerred
2021-12-06T09:56:15.803Z - success: protocol thumbnail registerred
2021-12-06T09:56:15.803Z - success: protocol unpack registerred
2021-12-06T09:56:15.803Z - success: protocol disable-commonjs registerred
2021-12-06T09:56:17.478Z - normal: connected!
2021-12-06T09:56:17.480Z - normal: Check project /Users/fe-danghai-fresher/Desktop/Training/cocos_training/HW/cocosW2B2
2021-12-06T09:56:17.482Z - normal: Initializing project /Users/fe-danghai-fresher/Desktop/Training/cocos_training/HW/cocosW2B2
2021-12-06T09:56:17.719Z - normal: Initializing Cocos2d
2021-12-06T09:56:18.105Z - normal: Initializing engine extends
2021-12-06T09:56:18.121Z - success: alipay-adapter loaded
2021-12-06T09:56:18.128Z - success: asset-db-debugger loaded
2021-12-06T09:56:18.130Z - success: baidu-adapter loaded
2021-12-06T09:56:18.133Z - success: color-picker loaded
2021-12-06T09:56:18.232Z - success: fb-audience-network loaded
2021-12-06T09:56:18.265Z - success: fb-live-stream loaded
2021-12-06T09:56:18.267Z - success: google-play-instant loaded
2021-12-06T09:56:18.270Z - success: huawei-runtime loaded
2021-12-06T09:56:18.400Z - success: cpk-publish loaded
2021-12-06T09:56:18.401Z - success: jsb-adapter loaded
2021-12-06T09:56:18.404Z - success: oppo-runtime loaded
2021-12-06T09:56:18.407Z - success: package-manager loaded
2021-12-06T09:56:18.472Z - success: qqplay-adapter loaded
2021-12-06T09:56:18.473Z - success: runtime-dev-tools loaded
2021-12-06T09:56:18.476Z - success: sdkbox loaded
2021-12-06T09:56:18.479Z - success: tester loaded
2021-12-06T09:56:18.480Z - success: ui-kit-preview-extra loaded
2021-12-06T09:56:18.482Z - success: ui-kit-preview loaded
2021-12-06T09:56:18.484Z - success: ui-kit loaded
2021-12-06T09:56:18.488Z - success: vivo-runtime loaded
2021-12-06T09:56:18.488Z - success: weapp-adapter loaded
2021-12-06T09:56:18.489Z - success: xiaomi-adapter loaded
2021-12-06T09:56:18.490Z - success: alipay-minigame loaded
2021-12-06T09:56:18.518Z - success: assets loaded
2021-12-06T09:56:18.521Z - success: builder loaded
2021-12-06T09:56:18.673Z - success: cocos-services loaded
2021-12-06T09:56:18.679Z - success: console loaded
2021-12-06T09:56:18.706Z - success: fb-instant-games loaded
2021-12-06T09:56:18.710Z - success: game-window loaded
2021-12-06T09:56:18.711Z - success: google-instant-games loaded
2021-12-06T09:56:18.714Z - success: hierarchy loaded
2021-12-06T09:56:18.718Z - success: inspector loaded
2021-12-06T09:56:18.719Z - success: keystore loaded
2021-12-06T09:56:18.722Z - success: node-library loaded
2021-12-06T09:56:18.724Z - success: package-asset loaded
2021-12-06T09:56:18.725Z - success: preferences loaded
2021-12-06T09:56:18.727Z - success: project-exporter loaded
2021-12-06T09:56:18.730Z - success: project-importer loaded
2021-12-06T09:56:18.733Z - success: project-settings loaded
2021-12-06T09:56:18.736Z - success: scene loaded
2021-12-06T09:56:18.737Z - success: simulator-debugger loaded
2021-12-06T09:56:18.738Z - success: sprite-editor loaded
2021-12-06T09:56:18.741Z - success: store loaded
2021-12-06T09:56:18.746Z - success: timeline loaded
2021-12-06T09:56:18.749Z - success: xiaomi-runtime loaded
2021-12-06T09:56:21.162Z - info: Cocos Services load base data!
2021-12-06T09:56:23.072Z - normal: Loading packages
2021-12-06T09:56:23.076Z - normal: Watching packages
2021-12-06T09:56:23.149Z - normal: Run Application
2021-12-06T09:57:07.650Z - normal: Start building with options : {
  "actualPlatform": "web-desktop",
  "android-instant": {
    "REMOTE_SERVER_ROOT": "",
    "host": "",
    "pathPattern": "",
    "recordPath": "",
    "scheme": "https",
    "skipRecord": false
  },
  "apiLevel": "",
  "appABIs": [],
  "appBundle": false,
  "baidugame": {
    "REMOTE_SERVER_ROOT": "",
    "appid": "testappid",
    "orientation": "portrait",
    "subContext": ""
  },
  "buildPath": "/Users/fe-danghai-fresher/Desktop/Training/cocos_training/HW/cocosW2B2/build",
  "debug": false,
  "dest": "/Users/fe-danghai-fresher/Desktop/Training/cocos_training/HW/cocosW2B2/build/web-desktop",
  "embedWebDebugger": false,
  "encryptJs": true,
  "excludeScenes": [],
  "excludedModules": [],
  "fb-instant-games": {},
  "includeSDKBox": false,
  "inlineSpriteFrames": true,
  "inlineSpriteFrames_native": true,
  "md5Cache": false,
  "mergeStartScene": false,
  "optimizeHotUpdate": false,
  "orientation": {
    "landscapeLeft": true,
    "landscapeRight": true,
    "portrait": false,
    "upsideDown": false
  },
  "packageName": "org.cocos2d.helloworld",
  "platform": "web-desktop",
  "previewHeight": "720",
  "previewWidth": "1280",
  "qqplay": {
    "REMOTE_SERVER_ROOT": "",
    "orientation": "portrait",
    "zip": false
  },
  "scenes": [
    "2d2f792f-a40c-49bb-a189-ed176a246e49"
  ],
  "sourceMaps": false,
  "startScene": "2d2f792f-a40c-49bb-a189-ed176a246e49",
  "template": "link",
  "title": "hello_world",
  "useDebugKeystore": true,
  "vsVersion": "auto",
  "webOrientation": "auto",
  "wechatgame": {
    "REMOTE_SERVER_ROOT": "",
    "appid": "wx6ac3f5090a6b99c5",
    "orientation": "portrait",
    "separate_engine": false,
    "subContext": ""
  },
  "xxteaKey": "0602c2fd-8690-49",
  "zipCompressJs": true,
  "project": "/Users/fe-danghai-fresher/Desktop/Training/cocos_training/HW/cocosW2B2",
  "projectName": "hello_world",
  "debugBuildWorker": false
}
2021-12-06T09:57:07.654Z - normal: Building /Users/fe-danghai-fresher/Desktop/Training/cocos_training/HW/cocosW2B2
2021-12-06T09:57:07.654Z - normal: Destination /Users/fe-danghai-fresher/Desktop/Training/cocos_training/HW/cocosW2B2/build/web-desktop
2021-12-06T09:57:07.741Z - normal: Delete /Users/fe-danghai-fresher/Desktop/Training/cocos_training/HW/cocosW2B2/build/web-desktop/subpackages/**/*,/Users/fe-danghai-fresher/Desktop/Training/cocos_training/HW/cocosW2B2/build/web-desktop/**/*
2021-12-06T09:57:08.898Z - normal: Start building assets
2021-12-06T09:57:08.898Z - normal: Start spawn build-worker
2021-12-06T09:57:09.428Z - normal: Finish spawn build-worker
2021-12-06T09:57:09.429Z - normal: Start init build-worker
2021-12-06T09:57:11.311Z - normal: Finish init build-worker
2021-12-06T09:57:11.311Z - normal: Start build-assets in worker
2021-12-06T09:57:11.546Z - normal: Finish build-assets in worker
2021-12-06T09:57:11.550Z - normal: Finish building assets
2021-12-06T09:57:11.557Z - normal: Start building plugin scripts
2021-12-06T09:57:11.596Z - normal: Generating main.js from /Applications/CocosCreator.app/Contents/Resources/static/build-templates/shares/main.js
2021-12-06T09:57:11.604Z - normal: Generating html from /Applications/CocosCreator.app/Contents/Resources/static/build-templates/web-desktop/template/index.html
2021-12-06T09:57:11.618Z - normal: Built to "/Users/fe-danghai-fresher/Desktop/Training/cocos_training/HW/cocosW2B2/build/web-desktop" successfully
2021-12-06T09:57:16.606Z - normal: Start building with options : {
  "actualPlatform": "web-desktop",
  "android-instant": {
    "REMOTE_SERVER_ROOT": "",
    "host": "",
    "pathPattern": "",
    "recordPath": "",
    "scheme": "https",
    "skipRecord": false
  },
  "apiLevel": "",
  "appABIs": [],
  "appBundle": false,
  "baidugame": {
    "REMOTE_SERVER_ROOT": "",
    "appid": "testappid",
    "orientation": "portrait",
    "subContext": ""
  },
  "buildPath": "/Users/fe-danghai-fresher/Desktop/Training/cocos_training/HW/cocosW2B2/build",
  "debug": false,
  "dest": "/Users/fe-danghai-fresher/Desktop/Training/cocos_training/HW/cocosW2B2/build/web-desktop",
  "embedWebDebugger": false,
  "encryptJs": true,
  "excludeScenes": [],
  "excludedModules": [],
  "fb-instant-games": {},
  "includeSDKBox": false,
  "inlineSpriteFrames": true,
  "inlineSpriteFrames_native": true,
  "md5Cache": false,
  "mergeStartScene": false,
  "optimizeHotUpdate": false,
  "orientation": {
    "landscapeLeft": true,
    "landscapeRight": true,
    "portrait": false,
    "upsideDown": false
  },
  "packageName": "org.cocos2d.helloworld",
  "platform": "web-desktop",
  "previewHeight": "720",
  "previewWidth": "1280",
  "qqplay": {
    "REMOTE_SERVER_ROOT": "",
    "orientation": "portrait",
    "zip": false
  },
  "scenes": [
    "2d2f792f-a40c-49bb-a189-ed176a246e49"
  ],
  "sourceMaps": false,
  "startScene": "2d2f792f-a40c-49bb-a189-ed176a246e49",
  "template": "link",
  "title": "hello_world",
  "useDebugKeystore": true,
  "vsVersion": "auto",
  "webOrientation": "auto",
  "wechatgame": {
    "REMOTE_SERVER_ROOT": "",
    "appid": "wx6ac3f5090a6b99c5",
    "orientation": "portrait",
    "separate_engine": false,
    "subContext": ""
  },
  "xxteaKey": "0602c2fd-8690-49",
  "zipCompressJs": true,
  "project": "/Users/fe-danghai-fresher/Desktop/Training/cocos_training/HW/cocosW2B2",
  "projectName": "hello_world",
  "debugBuildWorker": false
}
2021-12-06T09:57:16.606Z - normal: Building /Users/fe-danghai-fresher/Desktop/Training/cocos_training/HW/cocosW2B2
2021-12-06T09:57:16.607Z - normal: Destination /Users/fe-danghai-fresher/Desktop/Training/cocos_training/HW/cocosW2B2/build/web-desktop
2021-12-06T09:57:16.607Z - normal: Delete /Users/fe-danghai-fresher/Desktop/Training/cocos_training/HW/cocosW2B2/build/web-desktop/subpackages/**/*,/Users/fe-danghai-fresher/Desktop/Training/cocos_training/HW/cocosW2B2/build/web-desktop/**/*
2021-12-06T09:57:17.749Z - normal: Start building assets
2021-12-06T09:57:17.750Z - normal: Start spawn build-worker
2021-12-06T09:57:18.285Z - normal: Finish spawn build-worker
2021-12-06T09:57:18.285Z - normal: Start init build-worker
2021-12-06T09:57:20.180Z - normal: Finish init build-worker
2021-12-06T09:57:20.180Z - normal: Start build-assets in worker
2021-12-06T09:57:20.399Z - normal: Finish build-assets in worker
2021-12-06T09:57:20.401Z - normal: Finish building assets
2021-12-06T09:57:20.405Z - normal: Start building plugin scripts
2021-12-06T09:57:20.441Z - normal: Generating main.js from /Applications/CocosCreator.app/Contents/Resources/static/build-templates/shares/main.js
2021-12-06T09:57:20.445Z - normal: Generating html from /Applications/CocosCreator.app/Contents/Resources/static/build-templates/web-desktop/template/index.html
2021-12-06T09:57:20.452Z - normal: Built to "/Users/fe-danghai-fresher/Desktop/Training/cocos_training/HW/cocosW2B2/build/web-desktop" successfully
